0 info it worked if it ends with ok
1 verbose cli [ '/usr/local/node/bin/node',
1 verbose cli   '/usr/local/node/bin/npm',
1 verbose cli   'version',
1 verbose cli   '0.0.1',
1 verbose cli   '-m',
1 verbose cli   '%s' ]
2 info using npm@1.4.3
3 info using node@v0.10.26
4 verbose node symlink /usr/local/node/bin/node
5 error Error: Git working directory not clean.
5 error M Gruntfile.js
5 error     at /usr/local/node-v0.10.26-linux-x64/lib/node_modules/npm/lib/version.js:98:35
5 error     at ChildProcess.exithandler (child_process.js:635:7)
5 error     at ChildProcess.EventEmitter.emit (events.js:98:17)
5 error     at maybeClose (child_process.js:743:16)
5 error     at Socket.<anonymous> (child_process.js:956:11)
5 error     at Socket.EventEmitter.emit (events.js:95:17)
5 error     at Pipe.close (net.js:465:12)
6 error If you need help, you may report this *entire* log,
6 error including the npm and node versions, at:
6 error     <http://github.com/npm/npm/issues>
7 error System Linux 3.11.0-19-generic
8 error command "/usr/local/node/bin/node" "/usr/local/node/bin/npm" "version" "0.0.1" "-m" "%s"
9 error cwd /home/mlamber7/Programming/Javscript/foo/Todo-Ember
10 error node -v v0.10.26
11 error npm -v 1.4.3
12 verbose exit [ 1, true ]
